  ficheros.c
C:\Users\sergi\Desktop\SnakeF1real\SnakeF1\ficheros.c(67,35): warning C4047: '=': 'char' es distinto en los niveles de direccionamiento indirecto de 'int (__cdecl *)(void)'
C:\Users\sergi\Desktop\SnakeF1real\SnakeF1\ficheros.c(87,25): warning C4477: 'scanf_s' : la cadena de formato '%d' requiere un argumento de tipo 'int *', pero el argumento variádico 1 tiene el tipo 'int'
C:\Users\sergi\Desktop\SnakeF1real\SnakeF1\ficheros.c(89,54): warning C4020: 'comparaPuntuacion': hay demasiados parámetros reales
C:\Users\sergi\Desktop\SnakeF1real\SnakeF1\ficheros.c(125,13): warning C4473: "scanf_s": no se pasaron suficientes argumentos para la cadena de formato
C:\Users\sergi\Desktop\SnakeF1real\SnakeF1\ficheros.c(125,13): message : los marcadores de posición y sus parámetros esperan 2 argumentos variádicos, pero se proporcionaron 1
C:\Users\sergi\Desktop\SnakeF1real\SnakeF1\ficheros.c(125,13): message : el argumento variádico 2 que falta es requerido por la cadena de formato '%c'
C:\Users\sergi\Desktop\SnakeF1real\SnakeF1\ficheros.c(125,13): message : este argumento se utiliza como un tamaño de búfer
C:\Users\sergi\Desktop\SnakeF1real\SnakeF1\ficheros.c(178,12): warning C4996: 'fscanf': This function or variable may be unsafe. Consider using fscanf_s instead. To disable deprecation, use _CRT_SECURE_NO_WARNINGS. See online help for details.
C:\Users\sergi\Desktop\SnakeF1real\SnakeF1\ficheros.c(181,9): warning C4996: 'strcpy': This function or variable may be unsafe. Consider using strcpy_s instead. To disable deprecation, use _CRT_SECURE_NO_WARNINGS. See online help for details.
C:\Users\sergi\Desktop\SnakeF1real\SnakeF1\ficheros.c(228,9): warning C4033: 'comparaPuntuacion' debe devolver un valor
C:\Users\sergi\Desktop\SnakeF1real\SnakeF1\ficheros.c(235,27): error C2082: nueva definición del parámetro formal 'nombre'
C:\Users\sergi\Desktop\SnakeF1real\SnakeF1\ficheros.c(237,12): warning C4996: 'fscanf': This function or variable may be unsafe. Consider using fscanf_s instead. To disable deprecation, use _CRT_SECURE_NO_WARNINGS. See online help for details.
C:\Users\sergi\Desktop\SnakeF1real\SnakeF1\ficheros.c(240,9): warning C4996: 'strcpy': This function or variable may be unsafe. Consider using strcpy_s instead. To disable deprecation, use _CRT_SECURE_NO_WARNINGS. See online help for details.
  Juego.c
C:\Program Files (x86)\Microsoft Visual Studio\2019\Community\VC\Tools\MSVC\14.29.30133\include\cstdlib(23,62): error C2061: error de sintaxis: identificador 'noexcept'
C:\Program Files (x86)\Microsoft Visual Studio\2019\Community\VC\Tools\MSVC\14.29.30133\include\cstdlib(23,62): error C2059: error de sintaxis: ';'
C:\Program Files (x86)\Microsoft Visual Studio\2019\Community\VC\Tools\MSVC\14.29.30133\include\cstdlib(23,90): error C2449: se encontró '{' en el ámbito de archivo (¿falta el encabezado de función?)
C:\Program Files (x86)\Microsoft Visual Studio\2019\Community\VC\Tools\MSVC\14.29.30133\include\cstdlib(25,1): error C2059: error de sintaxis: '}'
C:\Program Files (x86)\Microsoft Visual Studio\2019\Community\VC\Tools\MSVC\14.29.30133\include\cstdlib(31,72): error C2061: error de sintaxis: identificador 'noexcept'
C:\Program Files (x86)\Microsoft Visual Studio\2019\Community\VC\Tools\MSVC\14.29.30133\include\cstdlib(31,72): error C2059: error de sintaxis: ';'
C:\Program Files (x86)\Microsoft Visual Studio\2019\Community\VC\Tools\MSVC\14.29.30133\include\cstdlib(31,100): error C2449: se encontró '{' en el ámbito de archivo (¿falta el encabezado de función?)
C:\Program Files (x86)\Microsoft Visual Studio\2019\Community\VC\Tools\MSVC\14.29.30133\include\cstdlib(33,1): error C2059: error de sintaxis: '}'
C:\Program Files (x86)\Microsoft Visual Studio\2019\Community\VC\Tools\MSVC\14.29.30133\include\xtr1common(19,1): error C2061: error de sintaxis: identificador 'std'
C:\Program Files (x86)\Microsoft Visual Studio\2019\Community\VC\Tools\MSVC\14.29.30133\include\xtr1common(19,1): error C2059: error de sintaxis: ';'
C:\Program Files (x86)\Microsoft Visual Studio\2019\Community\VC\Tools\MSVC\14.29.30133\include\xtr1common(19,1): error C2449: se encontró '{' en el ámbito de archivo (¿falta el encabezado de función?)
C:\Program Files (x86)\Microsoft Visual Studio\2019\Community\VC\Tools\MSVC\14.29.30133\include\xtr1common(235,1): error C2059: error de sintaxis: '}'
C:\Program Files (x86)\Microsoft Visual Studio\2019\Community\VC\Tools\MSVC\14.29.30133\include\iosfwd(175,9): warning C4157: el compilador C ha omitido pragma
C:\Program Files (x86)\Microsoft Visual Studio\2019\Community\VC\Tools\MSVC\14.29.30133\include\iosfwd(180,9): warning C4157: el compilador C ha omitido pragma
C:\Program Files (x86)\Microsoft Visual Studio\2019\Community\VC\Tools\MSVC\14.29.30133\include\type_traits(307,33): error C4233: se ha utilizado una extensión no estándar: la palabra clave '__is_union' solo se admite en C++, no en C
C:\Program Files (x86)\Microsoft Visual Studio\2019\Community\VC\Tools\MSVC\14.29.30133\include\type_traits(310,41): error C4233: se ha utilizado una extensión no estándar: la palabra clave '__is_union' solo se admite en C++, no en C
C:\Program Files (x86)\Microsoft Visual Studio\2019\Community\VC\Tools\MSVC\14.29.30133\include\type_traits(313,33): error C4233: se ha utilizado una extensión no estándar: la palabra clave '__is_class' solo se admite en C++, no en C
C:\Program Files (x86)\Microsoft Visual Studio\2019\Community\VC\Tools\MSVC\14.29.30133\include\type_traits(316,41): error C4233: se ha utilizado una extensión no estándar: la palabra clave '__is_class' solo se admite en C++, no en C
C:\Program Files (x86)\Microsoft Visual Studio\2019\Community\VC\Tools\MSVC\14.29.30133\include\type_traits(325,39): error C4233: se ha utilizado una extensión no estándar: la palabra clave '__is_convertible_to' solo se admite en C++, no en C
C:\Program Files (x86)\Microsoft Visual Studio\2019\Community\VC\Tools\MSVC\14.29.30133\include\type_traits(330,47): error C4233: se ha utilizado una extensión no estándar: la palabra clave '__is_convertible_to' solo se admite en C++, no en C
C:\Program Files (x86)\Microsoft Visual Studio\2019\Community\VC\Tools\MSVC\14.29.30133\include\type_traits(359,32): error C4233: se ha utilizado una extensión no estándar: la palabra clave '__is_enum' solo se admite en C++, no en C
C:\Program Files (x86)\Microsoft Visual Studio\2019\Community\VC\Tools\MSVC\14.29.30133\include\type_traits(362,40): error C4233: se ha utilizado una extensión no estándar: la palabra clave '__is_enum' solo se admite en C++, no en C
C:\Program Files (x86)\Microsoft Visual Studio\2019\Community\VC\Tools\MSVC\14.29.30133\include\type_traits(499,55): error C4233: se ha utilizado una extensión no estándar: la palabra clave '__is_pod' solo se admite en C++, no en C
C:\Program Files (x86)\Microsoft Visual Studio\2019\Community\VC\Tools\MSVC\14.29.30133\include\type_traits(502,63): error C4233: se ha utilizado una extensión no estándar: la palabra clave '__is_pod' solo se admite en C++, no en C
C:\Program Files (x86)\Microsoft Visual Studio\2019\Community\VC\Tools\MSVC\14.29.30133\include\type_traits(505,33): error C4233: se ha utilizado una extensión no estándar: la palabra clave '__is_empty' solo se admite en C++, no en C
C:\Program Files (x86)\Microsoft Visual Studio\2019\Community\VC\Tools\MSVC\14.29.30133\include\type_traits(508,41): error C4233: se ha utilizado una extensión no estándar: la palabra clave '__is_empty' solo se admite en C++, no en C
C:\Program Files (x86)\Microsoft Visual Studio\2019\Community\VC\Tools\MSVC\14.29.30133\include\type_traits(511,39): error C4233: se ha utilizado una extensión no estándar: la palabra clave '__is_polymorphic' solo se admite en C++, no en C
C:\Program Files (x86)\Microsoft Visual Studio\2019\Community\VC\Tools\MSVC\14.29.30133\include\type_traits(514,47): error C4233: se ha utilizado una extensión no estándar: la palabra clave '__is_polymorphic' solo se admite en C++, no en C
C:\Program Files (x86)\Microsoft Visual Studio\2019\Community\VC\Tools\MSVC\14.29.30133\include\type_traits(517,36): error C4233: se ha utilizado una extensión no estándar: la palabra clave '__is_abstract' solo se admite en C++, no en C
C:\Program Files (x86)\Microsoft Visual Studio\2019\Community\VC\Tools\MSVC\14.29.30133\include\type_traits(520,44): error C4233: se ha utilizado una extensión no estándar: la palabra clave '__is_abstract' solo se admite en C++, no en C
C:\Program Files (x86)\Microsoft Visual Studio\2019\Community\VC\Tools\MSVC\14.29.30133\include\type_traits(523,33): error C4233: se ha utilizado una extensión no estándar: la palabra clave '__is_final' solo se admite en C++, no en C
C:\Program Files (x86)\Microsoft Visual Studio\2019\Community\VC\Tools\MSVC\14.29.30133\include\type_traits(526,41): error C4233: se ha utilizado una extensión no estándar: la palabra clave '__is_final' solo se admite en C++, no en C
C:\Program Files (x86)\Microsoft Visual Studio\2019\Community\VC\Tools\MSVC\14.29.30133\include\type_traits(529,43): error C4233: se ha utilizado una extensión no estándar: la palabra clave '__is_standard_layout' solo se admite en C++, no en C
C:\Program Files (x86)\Microsoft Visual Studio\2019\Community\VC\Tools\MSVC\14.29.30133\include\type_traits(532,51): error C4233: se ha utilizado una extensión no estándar: la palabra clave '__is_standard_layout' solo se admite en C++, no en C
C:\Program Files (x86)\Microsoft Visual Studio\2019\Community\VC\Tools\MSVC\14.29.30133\include\type_traits(536,73): error C4233: se ha utilizado una extensión no estándar: la palabra clave '__is_literal_type' solo se admite en C++, no en C
C:\Program Files (x86)\Microsoft Visual Studio\2019\Community\VC\Tools\MSVC\14.29.30133\include\type_traits(541,81): error C4233: se ha utilizado una extensión no estándar: la palabra clave '__is_literal_type' solo se admite en C++, no en C
C:\Program Files (x86)\Microsoft Visual Studio\2019\Community\VC\Tools\MSVC\14.29.30133\include\type_traits(546,35): error C4233: se ha utilizado una extensión no estándar: la palabra clave '__is_trivially_constructible' solo se admite en C++, no en C
C:\Program Files (x86)\Microsoft Visual Studio\2019\Community\VC\Tools\MSVC\14.29.30133\include\type_traits(546,72): error C4233: se ha utilizado una extensión no estándar: la palabra clave '__is_trivially_copyable' solo se admite en C++, no en C
C:\Program Files (x86)\Microsoft Visual Studio\2019\Community\VC\Tools\MSVC\14.29.30133\include\type_traits(551,43): error C4233: se ha utilizado una extensión no estándar: la palabra clave '__is_trivially_constructible' solo se admite en C++, no en C
C:\Program Files (x86)\Microsoft Visual Studio\2019\Community\VC\Tools\MSVC\14.29.30133\include\type_traits(551,80): error C4233: se ha utilizado una extensión no estándar: la palabra clave '__is_trivially_copyable' solo se admite en C++, no en C
C:\Program Files (x86)\Microsoft Visual Studio\2019\Community\VC\Tools\MSVC\14.29.30133\include\type_traits(561,46): error C4233: se ha utilizado una extensión no estándar: la palabra clave '__is_trivially_copyable' solo se admite en C++, no en C
C:\Program Files (x86)\Microsoft Visual Studio\2019\Community\VC\Tools\MSVC\14.29.30133\include\type_traits(566,54): error C4233: se ha utilizado una extensión no estándar: la palabra clave '__is_trivially_copyable' solo se admite en C++, no en C
C:\Program Files (x86)\Microsoft Visual Studio\2019\Community\VC\Tools\MSVC\14.29.30133\include\type_traits(569,47): error C4233: se ha utilizado una extensión no estándar: la palabra clave '__has_virtual_destructor' solo se admite en C++, no en C
C:\Program Files (x86)\Microsoft Visual Studio\2019\Community\VC\Tools\MSVC\14.29.30133\include\type_traits(574,55): error C4233: se ha utilizado una extensión no estándar: la palabra clave '__has_virtual_destructor' solo se admite en C++, no en C
C:\Program Files (x86)\Microsoft Visual Studio\2019\Community\VC\Tools\MSVC\14.29.30133\include\type_traits(593,41): error C4233: se ha utilizado una extensión no estándar: la palabra clave '__is_constructible' solo se admite en C++, no en C
C:\Program Files (x86)\Microsoft Visual Studio\2019\Community\VC\Tools\MSVC\14.29.30133\include\type_traits(598,49): error C4233: se ha utilizado una extensión no estándar: la palabra clave '__is_constructible' solo se admite en C++, no en C
C:\Program Files (x86)\Microsoft Visual Studio\2019\Community\VC\Tools\MSVC\14.29.30133\include\type_traits(601,46): error C4233: se ha utilizado una extensión no estándar: la palabra clave '__is_constructible' solo se admite en C++, no en C
C:\Program Files (x86)\Microsoft Visual Studio\2019\Community\VC\Tools\MSVC\14.29.30133\include\type_traits(606,54): error C4233: se ha utilizado una extensión no estándar: la palabra clave '__is_constructible' solo se admite en C++, no en C
C:\Program Files (x86)\Microsoft Visual Studio\2019\Community\VC\Tools\MSVC\14.29.30133\include\type_traits(609,49): error C4233: se ha utilizado una extensión no estándar: la palabra clave '__is_constructible' solo se admite en C++, no en C
C:\Program Files (x86)\Microsoft Visual Studio\2019\Community\VC\Tools\MSVC\14.29.30133\include\type_traits(614,57): error C4233: se ha utilizado una extensión no estándar: la palabra clave '__is_constructible' solo se admite en C++, no en C
C:\Program Files (x86)\Microsoft Visual Studio\2019\Community\VC\Tools\MSVC\14.29.30133\include\type_traits(629,46): error C4233: se ha utilizado una extensión no estándar: la palabra clave '__is_constructible' solo se admite en C++, no en C
C:\Program Files (x86)\Microsoft Visual Studio\2019\Community\VC\Tools\MSVC\14.29.30133\include\type_traits(634,54): error C4233: se ha utilizado una extensión no estándar: la palabra clave '__is_constructible' solo se admite en C++, no en C
C:\Program Files (x86)\Microsoft Visual Studio\2019\Community\VC\Tools\MSVC\14.29.30133\include\type_traits(637,38): error C4233: se ha utilizado una extensión no estándar: la palabra clave '__is_assignable' solo se admite en C++, no en C
C:\Program Files (x86)\Microsoft Visual Studio\2019\Community\VC\Tools\MSVC\14.29.30133\include\type_traits(640,46): error C4233: se ha utilizado una extensión no estándar: la palabra clave '__is_assignable' solo se admite en C++, no en C
C:\Program Files (x86)\Microsoft Visual Studio\2019\Community\VC\Tools\MSVC\14.29.30133\include\type_traits(644,21): error C4233: se ha utilizado una extensión no estándar: la palabra clave '__is_assignable' solo se admite en C++, no en C
C:\Program Files (x86)\Microsoft Visual Studio\2019\Community\VC\Tools\MSVC\14.29.30133\include\type_traits(649,51): error C4233: se ha utilizado una extensión no estándar: la palabra clave '__is_assignable' solo se admite en C++, no en C
C:\Program Files (x86)\Microsoft Visual Studio\2019\Community\VC\Tools\MSVC\14.29.30133\include\type_traits(655,21): error C4233: se ha utilizado una extensión no estándar: la palabra clave '__is_assignable_no_precondition_check' solo se admite en C++, no en C
C:\Program Files (x86)\Microsoft Visual Studio\2019\Community\VC\Tools\MSVC\14.29.30133\include\type_traits(659,62): error C4233: se ha utilizado una extensión no estándar: la palabra clave '__is_assignable_no_precondition_check' solo se admite en C++, no en C
C:\Program Files (x86)\Microsoft Visual Studio\2019\Community\VC\Tools\MSVC\14.29.30133\include\type_traits(670,43): error C4233: se ha utilizado una extensión no estándar: la palabra clave '__is_assignable' solo se admite en C++, no en C
C:\Program Files (x86)\Microsoft Visual Studio\2019\Community\VC\Tools\MSVC\14.29.30133\include\type_traits(675,51): error C4233: se ha utilizado una extensión no estándar: la palabra clave '__is_assignable' solo se admite en C++, no en C
C:\Program Files (x86)\Microsoft Visual Studio\2019\Community\VC\Tools\MSVC\14.29.30133\include\type_traits(680,21): error C4233: se ha utilizado una extensión no estándar: la palabra clave '__is_assignable_no_precondition_check' solo se admite en C++, no en C
C:\Program Files (x86)\Microsoft Visual Studio\2019\Community\VC\Tools\MSVC\14.29.30133\include\type_traits(683,62): error C4233: se ha utilizado una extensión no estándar: la palabra clave '__is_assignable_no_precondition_check' solo se admite en C++, no en C
C:\Program Files (x86)\Microsoft Visual Studio\2019\Community\VC\Tools\MSVC\14.29.30133\include\type_traits(694,40): error C4233: se ha utilizado una extensión no estándar: la palabra clave '__is_destructible' solo se admite en C++, no en C
C:\Program Files (x86)\Microsoft Visual Studio\2019\Community\VC\Tools\MSVC\14.29.30133\include\type_traits(699,48): error C4233: se ha utilizado una extensión no estándar: la palabra clave '__is_destructible' solo se admite en C++, no en C
C:\Program Files (x86)\Microsoft Visual Studio\2019\Community\VC\Tools\MSVC\14.29.30133\include\type_traits(702,51): error C4233: se ha utilizado una extensión no estándar: la palabra clave '__is_trivially_constructible' solo se admite en C++, no en C
C:\Program Files (x86)\Microsoft Visual Studio\2019\Community\VC\Tools\MSVC\14.29.30133\include\type_traits(707,59): error C4233: se ha utilizado una extensión no estándar: la palabra clave '__is_trivially_constructible' solo se admite en C++, no en C
C:\Program Files (x86)\Microsoft Visual Studio\2019\Community\VC\Tools\MSVC\14.29.30133\include\type_traits(711,21): error C4233: se ha utilizado una extensión no estándar: la palabra clave '__is_trivially_constructible' solo se admite en C++, no en C
C:\Program Files (x86)\Microsoft Visual Studio\2019\Community\VC\Tools\MSVC\14.29.30133\include\type_traits(716,64): error C4233: se ha utilizado una extensión no estándar: la palabra clave '__is_trivially_constructible' solo se admite en C++, no en C
C:\Program Files (x86)\Microsoft Visual Studio\2019\Community\VC\Tools\MSVC\14.29.30133\include\type_traits(720,59): error C4233: se ha utilizado una extensión no estándar: la palabra clave '__is_trivially_constructible' solo se admite en C++, no en C
C:\Program Files (x86)\Microsoft Visual Studio\2019\Community\VC\Tools\MSVC\14.29.30133\include\type_traits(725,67): error C4233: se ha utilizado una extensión no estándar: la palabra clave '__is_trivially_constructible' solo se admite en C++, no en C
C:\Program Files (x86)\Microsoft Visual Studio\2019\Community\VC\Tools\MSVC\14.29.30133\include\type_traits(728,56): error C4233: se ha utilizado una extensión no estándar: la palabra clave '__is_trivially_constructible' solo se admite en C++, no en C
C:\Program Files (x86)\Microsoft Visual Studio\2019\Community\VC\Tools\MSVC\14.29.30133\include\type_traits(733,64): error C4233: se ha utilizado una extensión no estándar: la palabra clave '__is_trivially_constructible' solo se admite en C++, no en C
C:\Program Files (x86)\Microsoft Visual Studio\2019\Community\VC\Tools\MSVC\14.29.30133\include\type_traits(736,48): error C4233: se ha utilizado una extensión no estándar: la palabra clave '__is_trivially_assignable' solo se admite en C++, no en C
C:\Program Files (x86)\Microsoft Visual Studio\2019\Community\VC\Tools\MSVC\14.29.30133\include\type_traits(741,56): error C4233: se ha utilizado una extensión no estándar: la palabra clave '__is_trivially_assignable' solo se admite en C++, no en C
C:\Program Files (x86)\Microsoft Visual Studio\2019\Community\VC\Tools\MSVC\14.29.30133\include\type_traits(745,21): error C4233: se ha utilizado una extensión no estándar: la palabra clave '__is_trivially_assignable' solo se admite en C++, no en C
C:\Program Files (x86)\Microsoft Visual Studio\2019\Community\VC\Tools\MSVC\14.29.30133\include\type_traits(750,61): error C4233: se ha utilizado una extensión no estándar: la palabra clave '__is_trivially_assignable' solo se admite en C++, no en C
C:\Program Files (x86)\Microsoft Visual Studio\2019\Community\VC\Tools\MSVC\14.29.30133\include\type_traits(754,53): error C4233: se ha utilizado una extensión no estándar: la palabra clave '__is_trivially_assignable' solo se admite en C++, no en C
C:\Program Files (x86)\Microsoft Visual Studio\2019\Community\VC\Tools\MSVC\14.29.30133\include\type_traits(759,61): error C4233: se ha utilizado una extensión no estándar: la palabra clave '__is_trivially_assignable' solo se admite en C++, no en C
C:\Program Files (x86)\Microsoft Visual Studio\2019\Community\VC\Tools\MSVC\14.29.30133\include\type_traits(762,50): error C4233: se ha utilizado una extensión no estándar: la palabra clave '__is_trivially_destructible' solo se admite en C++, no en C
C:\Program Files (x86)\Microsoft Visual Studio\2019\Community\VC\Tools\MSVC\14.29.30133\include\type_traits(767,58): error C4233: se ha utilizado una extensión no estándar: la palabra clave '__is_trivially_destructible' solo se admite en C++, no en C
C:\Program Files (x86)\Microsoft Visual Studio\2019\Community\VC\Tools\MSVC\14.29.30133\include\type_traits(770,49): error C4233: se ha utilizado una extensión no estándar: la palabra clave '__is_nothrow_constructible' solo se admite en C++, no en C
C:\Program Files (x86)\Microsoft Visual Studio\2019\Community\VC\Tools\MSVC\14.29.30133\include\type_traits(775,57): error C4233: se ha utilizado una extensión no estándar: la palabra clave '__is_nothrow_constructible' solo se admite en C++, no en C
C:\Program Files (x86)\Microsoft Visual Studio\2019\Community\VC\Tools\MSVC\14.29.30133\include\type_traits(779,21): error C4233: se ha utilizado una extensión no estándar: la palabra clave '__is_nothrow_constructible' solo se admite en C++, no en C
C:\Program Files (x86)\Microsoft Visual Studio\2019\Community\VC\Tools\MSVC\14.29.30133\include\type_traits(785,62): error C4233: se ha utilizado una extensión no estándar: la palabra clave '__is_nothrow_constructible' solo se admite en C++, no en C
C:\Program Files (x86)\Microsoft Visual Studio\2019\Community\VC\Tools\MSVC\14.29.30133\include\type_traits(789,57): error C4233: se ha utilizado una extensión no estándar: la palabra clave '__is_nothrow_constructible' solo se admite en C++, no en C
C:\Program Files (x86)\Microsoft Visual Studio\2019\Community\VC\Tools\MSVC\14.29.30133\include\type_traits(794,65): error C4233: se ha utilizado una extensión no estándar: la palabra clave '__is_nothrow_constructible' solo se admite en C++, no en C
C:\Program Files (x86)\Microsoft Visual Studio\2019\Community\VC\Tools\MSVC\14.29.30133\include\type_traits(797,54): error C4233: se ha utilizado una extensión no estándar: la palabra clave '__is_nothrow_constructible' solo se admite en C++, no en C
C:\Program Files (x86)\Microsoft Visual Studio\2019\Community\VC\Tools\MSVC\14.29.30133\include\type_traits(802,62): error C4233: se ha utilizado una extensión no estándar: la palabra clave '__is_nothrow_constructible' solo se admite en C++, no en C
C:\Program Files (x86)\Microsoft Visual Studio\2019\Community\VC\Tools\MSVC\14.29.30133\include\type_traits(805,46): error C4233: se ha utilizado una extensión no estándar: la palabra clave '__is_nothrow_assignable' solo se admite en C++, no en C
C:\Program Files (x86)\Microsoft Visual Studio\2019\Community\VC\Tools\MSVC\14.29.30133\include\type_traits(810,54): error C4233: se ha utilizado una extensión no estándar: la palabra clave '__is_nothrow_assignable' solo se admite en C++, no en C
C:\Program Files (x86)\Microsoft Visual Studio\2019\Community\VC\Tools\MSVC\14.29.30133\include\type_traits(814,21): error C4233: se ha utilizado una extensión no estándar: la palabra clave '__is_nothrow_assignable' solo se admite en C++, no en C
C:\Program Files (x86)\Microsoft Visual Studio\2019\Community\VC\Tools\MSVC\14.29.30133\include\type_traits(819,59): error C4233: se ha utilizado una extensión no estándar: la palabra clave '__is_nothrow_assignable' solo se admite en C++, no en C
C:\Program Files (x86)\Microsoft Visual Studio\2019\Community\VC\Tools\MSVC\14.29.30133\include\type_traits(823,51): error C4233: se ha utilizado una extensión no estándar: la palabra clave '__is_nothrow_assignable' solo se admite en C++, no en C
C:\Program Files (x86)\Microsoft Visual Studio\2019\Community\VC\Tools\MSVC\14.29.30133\include\type_traits(828,59): error C4233: se ha utilizado una extensión no estándar: la palabra clave '__is_nothrow_assignable' solo se admite en C++, no en C
C:\Program Files (x86)\Microsoft Visual Studio\2019\Community\VC\Tools\MSVC\14.29.30133\include\type_traits(831,48): error C4233: se ha utilizado una extensión no estándar: la palabra clave '__is_nothrow_destructible' solo se admite en C++, no en C
C:\Program Files (x86)\Microsoft Visual Studio\2019\Community\VC\Tools\MSVC\14.29.30133\include\type_traits(837,56): error C4233: se ha utilizado una extensión no estándar: la palabra clave '__is_nothrow_destructible' solo se admite en C++, no en C
C:\Program Files (x86)\Microsoft Visual Studio\2019\Community\VC\Tools\MSVC\14.29.30133\include\type_traits(1077,18): error C4233: se ha utilizado una extensión no estándar: la palabra clave '__underlying_type' solo se admite en C++, no en C
C:\Program Files (x86)\Microsoft Visual Studio\2019\Community\VC\Tools\MSVC\14.29.30133\include\type_traits(1117,35): error C4233: se ha utilizado una extensión no estándar: la palabra clave '__is_base_of' solo se admite en C++, no en C
C:\Program Files (x86)\Microsoft Visual Studio\2019\Community\VC\Tools\MSVC\14.29.30133\include\type_traits(1122,43): error C4233: se ha utilizado una extensión no estándar: la palabra clave '__is_base_of' solo se admite en C++, no en C
C:\Program Files (x86)\Microsoft Visual Studio\2019\Community\VC\Tools\MSVC\14.29.30133\include\ostream(21,9): warning C4157: el compilador C ha omitido pragma
C:\Program Files (x86)\Microsoft Visual Studio\2019\Community\VC\Tools\MSVC\14.29.30133\include\ostream(588,9): warning C4157: el compilador C ha omitido pragma
C:\Program Files (x86)\Microsoft Visual Studio\2019\Community\VC\Tools\MSVC\14.29.30133\include\istream(21,9): warning C4157: el compilador C ha omitido pragma
C:\Program Files (x86)\Microsoft Visual Studio\2019\Community\VC\Tools\MSVC\14.29.30133\include\istream(673,9): warning C4157: el compilador C ha omitido pragma
C:\Users\sergi\Desktop\SnakeF1real\SnakeF1\SnakeF1\Juego.c(334,1): fatal error C1004: se encontró un final de archivo no esperado
  Generando código...
